<?xml version="1.0" encoding="UTF-8"?>
<!-- Generated by org.testng.reporters.JUnitXMLReporter -->
<testsuite hostname="LAPTOP-5TSVMS1V" name="Default test" tests="4" failures="0" timestamp="27 Mar 2020 12:07:15 GMT" time="4.408" errors="0">
  <testcase name="get_Test" time="1.334" classname="as.re.TestApi"/>
  <testcase name="post_test" time="0.989" classname="as.re.TestApi"/>
  <testcase name="delete_Test" time="1.11" classname="as.re.TestApi"/>
  <testcase name="put_Test" time="0.961" classname="as.re.TestApi"/>
</testsuite> <!-- Default test -->
