<?xml version="1.0" encoding="UTF-8"?>
<testng-results skipped="0" failed="0" total="4" passed="4">
  <reporter-output>
  </reporter-output>
  <suite name="Default suite" duration-ms="4408" started-at="2020-03-27T12:07:11Z" finished-at="2020-03-27T12:07:15Z">
    <groups>
    </groups>
    <test name="Default test" duration-ms="4408" started-at="2020-03-27T12:07:11Z" finished-at="2020-03-27T12:07:15Z">
      <class name="as.re.TestApi">
        <test-method status="PASS" signature="get_Test()[pri:1, instance:as.re.TestApi@8e0379d]" name="get_Test" duration-ms="1334" started-at="2020-03-27T17:37:11Z" finished-at="2020-03-27T17:37:12Z">
          <reporter-output>
          </reporter-output>
        </test-method> <!-- get_Test -->
        <test-method status="PASS" signature="post_test()[pri:2, instance:as.re.TestApi@8e0379d]" name="post_test" duration-ms="989" started-at="2020-03-27T17:37:12Z" finished-at="2020-03-27T17:37:13Z">
          <reporter-output>
          </reporter-output>
        </test-method> <!-- post_test -->
        <test-method status="PASS" signature="delete_Test()[pri:3, instance:as.re.TestApi@8e0379d]" name="delete_Test" duration-ms="1110" started-at="2020-03-27T17:37:13Z" finished-at="2020-03-27T17:37:15Z">
          <reporter-output>
          </reporter-output>
        </test-method> <!-- delete_Test -->
        <test-method status="PASS" signature="put_Test()[pri:4, instance:as.re.TestApi@8e0379d]" name="put_Test" duration-ms="961" started-at="2020-03-27T17:37:15Z" finished-at="2020-03-27T17:37:15Z">
          <reporter-output>
          </reporter-output>
        </test-method> <!-- put_Test -->
      </class> <!-- as.re.TestApi -->
    </test> <!-- Default test -->
  </suite> <!-- Default suite -->
</testng-results>
