<?xml version="1.0" encoding="UTF-8"?>
<!-- Generated by org.testng.reporters.JUnitXMLReporter -->
<testsuite hostname="LAPTOP-5TSVMS1V" name="Command line test" tests="1" failures="1" timestamp="27 Mar 2020 09:27:04 GMT" time="0.232" errors="0">
  <testcase name="test" time="0.219" classname="as.re.TestApi">
    <failure type="java.lang.NoClassDefFoundError" message="org/apache/commons/logging/LogFactory">
      <![CDATA[java.lang.NoClassDefFoundError: org/apache/commons/logging/LogFactory
	at org.apache.http.conn.ssl.AbstractVerifier.<init>(AbstractVerifier.java:60)
	at org.apache.http.conn.ssl.AllowAllHostnameVerifier.<init>(AllowAllHostnameVerifier.java:43)
	at org.apache.http.conn.ssl.AllowAllHostnameVerifier.<clinit>(AllowAllHostnameVerifier.java:45)
	at org.apache.http.conn.ssl.SSLSocketFactory.<clinit>(SSLSocketFactory.java:151)
	at io.restassured.config.SSLConfig.<init>(SSLConfig.java:184)
	at io.restassured.config.RestAssuredConfig.<init>(RestAssuredConfig.java:41)
	at io.restassured.RestAssured.<clinit>(RestAssured.java:420)
	at as.re.TestApi.test(TestApi.java:14)
Caused by: java.lang.ClassNotFoundException: org.apache.commons.logging.LogFactory
	at java.net.URLClassLoader.findClass(URLClassLoader.java:382)
	at java.lang.ClassLoader.loadClass(ClassLoader.java:418)
	at sun.misc.Launcher$AppClassLoader.loadClass(Launcher.java:355)
	at java.lang.ClassLoader.loadClass(ClassLoader.java:351)
	... 41 more
... Removed 33 stack frames]]>
    </failure>
  </testcase> <!-- test -->
</testsuite> <!-- Command line test -->
